Performing C++ SOURCE FILE Test COMPILER_SUPPORT_Wshorten64to32 failed with the following output:
Change Dir: /home/alex-pop/Desktop/Doctorat/Side_projects/Volume_Box_2/catkin_ws/src/orthogonal-planes/3rdParty/eigen/build/CMakeFiles/CMakeTmp

Run Build Command:"/usr/bin/make" "cmTC_2c464/fast"
/usr/bin/make -f CMakeFiles/cmTC_2c464.dir/build.make CMakeFiles/cmTC_2c464.dir/build
make[1]: Entering directory '/home/alex-pop/Desktop/Doctorat/Side_projects/Volume_Box_2/catkin_ws/src/orthogonal-planes/3rdParty/eigen/build/CMakeFiles/CMakeTmp'
Building CXX object CMakeFiles/cmTC_2c464.dir/src.cxx.o
/usr/bin/c++    -std=c++03 -pedantic -Wall -Wextra -Wundef -Wcast-align -Wchar-subscripts -Wnon-virtual-dtor -Wunused-local-typedefs -Wpointer-arith -Wwrite-strings -Wformat-security -DCOMPILER_SUPPORT_Wshorten64to32 -Werror   -Wshorten-64-to-32 -o CMakeFiles/cmTC_2c464.dir/src.cxx.o -c /home/alex-pop/Desktop/Doctorat/Side_projects/Volume_Box_2/catkin_ws/src/orthogonal-planes/3rdParty/eigen/build/CMakeFiles/CMakeTmp/src.cxx
c++: error: unrecognized command line option '-Wshorten-64-to-32'
CMakeFiles/cmTC_2c464.dir/build.make:65: recipe for target 'CMakeFiles/cmTC_2c464.dir/src.cxx.o' failed
make[1]: *** [CMakeFiles/cmTC_2c464.dir/src.cxx.o] Error 1
make[1]: Leaving directory '/home/alex-pop/Desktop/Doctorat/Side_projects/Volume_Box_2/catkin_ws/src/orthogonal-planes/3rdParty/eigen/build/CMakeFiles/CMakeTmp'
Makefile:126: recipe for target 'cmTC_2c464/fast' failed
make: *** [cmTC_2c464/fast] Error 2

Source file was:
int main() { return 0; }
Performing C++ SOURCE FILE Test COMPILER_SUPPORT_Wenumconversion failed with the following output:
Change Dir: /home/alex-pop/Desktop/Doctorat/Side_projects/Volume_Box_2/catkin_ws/src/orthogonal-planes/3rdParty/eigen/build/CMakeFiles/CMakeTmp

Run Build Command:"/usr/bin/make" "cmTC_b9f3b/fast"
/usr/bin/make -f CMakeFiles/cmTC_b9f3b.dir/build.make CMakeFiles/cmTC_b9f3b.dir/build
make[1]: Entering directory '/home/alex-pop/Desktop/Doctorat/Side_projects/Volume_Box_2/catkin_ws/src/orthogonal-planes/3rdParty/eigen/build/CMakeFiles/CMakeTmp'
Building CXX object CMakeFiles/cmTC_b9f3b.dir/src.cxx.o
/usr/bin/c++    -std=c++03 -pedantic -Wall -Wextra -Wundef -Wcast-align -Wchar-subscripts -Wnon-virtual-dtor -Wunused-local-typedefs -Wpointer-arith -Wwrite-strings -Wformat-security -Wlogical-op -DCOMPILER_SUPPORT_Wenumconversion -Werror   -Wenum-conversion -o CMakeFiles/cmTC_b9f3b.dir/src.cxx.o -c /home/alex-pop/Desktop/Doctorat/Side_projects/Volume_Box_2/catkin_ws/src/orthogonal-planes/3rdParty/eigen/build/CMakeFiles/CMakeTmp/src.cxx
c++: error: unrecognized command line option '-Wenum-conversion'; did you mean '-Wno-conversion'?
CMakeFiles/cmTC_b9f3b.dir/build.make:65: recipe for target 'CMakeFiles/cmTC_b9f3b.dir/src.cxx.o' failed
make[1]: *** [CMakeFiles/cmTC_b9f3b.dir/src.cxx.o] Error 1
make[1]: Leaving directory '/home/alex-pop/Desktop/Doctorat/Side_projects/Volume_Box_2/catkin_ws/src/orthogonal-planes/3rdParty/eigen/build/CMakeFiles/CMakeTmp'
Makefile:126: recipe for target 'cmTC_b9f3b/fast' failed
make: *** [cmTC_b9f3b/fast] Error 2

Source file was:
int main() { return 0; }
Performing C++ SOURCE FILE Test COMPILER_SUPPORT_Wcpp11extensions failed with the following output:
Change Dir: /home/alex-pop/Desktop/Doctorat/Side_projects/Volume_Box_2/catkin_ws/src/orthogonal-planes/3rdParty/eigen/build/CMakeFiles/CMakeTmp

Run Build Command:"/usr/bin/make" "cmTC_a4bbc/fast"
/usr/bin/make -f CMakeFiles/cmTC_a4bbc.dir/build.make CMakeFiles/cmTC_a4bbc.dir/build
make[1]: Entering directory '/home/alex-pop/Desktop/Doctorat/Side_projects/Volume_Box_2/catkin_ws/src/orthogonal-planes/3rdParty/eigen/build/CMakeFiles/CMakeTmp'
Building CXX object CMakeFiles/cmTC_a4bbc.dir/src.cxx.o
/usr/bin/c++    -std=c++03 -pedantic -Wall -Wextra -Wundef -Wcast-align -Wchar-subscripts -Wnon-virtual-dtor -Wunused-local-typedefs -Wpointer-arith -Wwrite-strings -Wformat-security -Wlogical-op -DCOMPILER_SUPPORT_Wcpp11extensions -Werror   -Wc++11-extensions -o CMakeFiles/cmTC_a4bbc.dir/src.cxx.o -c /home/alex-pop/Desktop/Doctorat/Side_projects/Volume_Box_2/catkin_ws/src/orthogonal-planes/3rdParty/eigen/build/CMakeFiles/CMakeTmp/src.cxx
c++: error: unrecognized command line option '-Wc++11-extensions'; did you mean '-fms-extensions'?
CMakeFiles/cmTC_a4bbc.dir/build.make:65: recipe for target 'CMakeFiles/cmTC_a4bbc.dir/src.cxx.o' failed
make[1]: *** [CMakeFiles/cmTC_a4bbc.dir/src.cxx.o] Error 1
make[1]: Leaving directory '/home/alex-pop/Desktop/Doctorat/Side_projects/Volume_Box_2/catkin_ws/src/orthogonal-planes/3rdParty/eigen/build/CMakeFiles/CMakeTmp'
Makefile:126: recipe for target 'cmTC_a4bbc/fast' failed
make: *** [cmTC_a4bbc/fast] Error 2

Source file was:
int main() { return 0; }
Performing C++ SOURCE FILE Test COMPILER_SUPPORT_wd981 failed with the following output:
Change Dir: /home/alex-pop/Desktop/Doctorat/Side_projects/Volume_Box_2/catkin_ws/src/orthogonal-planes/3rdParty/eigen/build/CMakeFiles/CMakeTmp

Run Build Command:"/usr/bin/make" "cmTC_4b088/fast"
/usr/bin/make -f CMakeFiles/cmTC_4b088.dir/build.make CMakeFiles/cmTC_4b088.dir/build
make[1]: Entering directory '/home/alex-pop/Desktop/Doctorat/Side_projects/Volume_Box_2/catkin_ws/src/orthogonal-planes/3rdParty/eigen/build/CMakeFiles/CMakeTmp'
Building CXX object CMakeFiles/cmTC_4b088.dir/src.cxx.o
/usr/bin/c++    -std=c++03 -pedantic -Wall -Wextra -Wundef -Wcast-align -Wchar-subscripts -Wnon-virtual-dtor -Wunused-local-typedefs -Wpointer-arith -Wwrite-strings -Wformat-security -Wlogical-op -Wdouble-promotion -Wshadow -Wno-psabi -Wno-variadic-macros -Wno-long-long -fno-check-new -fno-common -fstrict-aliasing -DCOMPILER_SUPPORT_wd981 -Werror   -wd981 -o CMakeFiles/cmTC_4b088.dir/src.cxx.o -c /home/alex-pop/Desktop/Doctorat/Side_projects/Volume_Box_2/catkin_ws/src/orthogonal-planes/3rdParty/eigen/build/CMakeFiles/CMakeTmp/src.cxx
c++: error: unrecognized command line option '-wd981'
CMakeFiles/cmTC_4b088.dir/build.make:65: recipe for target 'CMakeFiles/cmTC_4b088.dir/src.cxx.o' failed
make[1]: *** [CMakeFiles/cmTC_4b088.dir/src.cxx.o] Error 1
make[1]: Leaving directory '/home/alex-pop/Desktop/Doctorat/Side_projects/Volume_Box_2/catkin_ws/src/orthogonal-planes/3rdParty/eigen/build/CMakeFiles/CMakeTmp'
Makefile:126: recipe for target 'cmTC_4b088/fast' failed
make: *** [cmTC_4b088/fast] Error 2

Source file was:
int main() { return 0; }
Performing C++ SOURCE FILE Test COMPILER_SUPPORT_wd2304 failed with the following output:
Change Dir: /home/alex-pop/Desktop/Doctorat/Side_projects/Volume_Box_2/catkin_ws/src/orthogonal-planes/3rdParty/eigen/build/CMakeFiles/CMakeTmp

Run Build Command:"/usr/bin/make" "cmTC_f85c5/fast"
/usr/bin/make -f CMakeFiles/cmTC_f85c5.dir/build.make CMakeFiles/cmTC_f85c5.dir/build
make[1]: Entering directory '/home/alex-pop/Desktop/Doctorat/Side_projects/Volume_Box_2/catkin_ws/src/orthogonal-planes/3rdParty/eigen/build/CMakeFiles/CMakeTmp'
Building CXX object CMakeFiles/cmTC_f85c5.dir/src.cxx.o
/usr/bin/c++    -std=c++03 -pedantic -Wall -Wextra -Wundef -Wcast-align -Wchar-subscripts -Wnon-virtual-dtor -Wunused-local-typedefs -Wpointer-arith -Wwrite-strings -Wformat-security -Wlogical-op -Wdouble-promotion -Wshadow -Wno-psabi -Wno-variadic-macros -Wno-long-long -fno-check-new -fno-common -fstrict-aliasing -DCOMPILER_SUPPORT_wd2304 -Werror   -wd2304 -o CMakeFiles/cmTC_f85c5.dir/src.cxx.o -c /home/alex-pop/Desktop/Doctorat/Side_projects/Volume_Box_2/catkin_ws/src/orthogonal-planes/3rdParty/eigen/build/CMakeFiles/CMakeTmp/src.cxx
c++: error: unrecognized command line option '-wd2304'
CMakeFiles/cmTC_f85c5.dir/build.make:65: recipe for target 'CMakeFiles/cmTC_f85c5.dir/src.cxx.o' failed
make[1]: *** [CMakeFiles/cmTC_f85c5.dir/src.cxx.o] Error 1
make[1]: Leaving directory '/home/alex-pop/Desktop/Doctorat/Side_projects/Volume_Box_2/catkin_ws/src/orthogonal-planes/3rdParty/eigen/build/CMakeFiles/CMakeTmp'
Makefile:126: recipe for target 'cmTC_f85c5/fast' failed
make: *** [cmTC_f85c5/fast] Error 2

Source file was:
int main() { return 0; }
Performing C++ SOURCE FILE Test COMPILER_SUPPORT_STRICTANSI failed with the following output:
Change Dir: /home/alex-pop/Desktop/Doctorat/Side_projects/Volume_Box_2/catkin_ws/src/orthogonal-planes/3rdParty/eigen/build/CMakeFiles/CMakeTmp

Run Build Command:"/usr/bin/make" "cmTC_f0aa4/fast"
/usr/bin/make -f CMakeFiles/cmTC_f0aa4.dir/build.make CMakeFiles/cmTC_f0aa4.dir/build
make[1]: Entering directory '/home/alex-pop/Desktop/Doctorat/Side_projects/Volume_Box_2/catkin_ws/src/orthogonal-planes/3rdParty/eigen/build/CMakeFiles/CMakeTmp'
Building CXX object CMakeFiles/cmTC_f0aa4.dir/src.cxx.o
/usr/bin/c++    -std=c++03 -pedantic -Wall -Wextra -Wundef -Wcast-align -Wchar-subscripts -Wnon-virtual-dtor -Wunused-local-typedefs -Wpointer-arith -Wwrite-strings -Wformat-security -Wlogical-op -Wdouble-promotion -Wshadow -Wno-psabi -Wno-variadic-macros -Wno-long-long -fno-check-new -fno-common -fstrict-aliasing -DCOMPILER_SUPPORT_STRICTANSI -Werror   -strict-ansi -o CMakeFiles/cmTC_f0aa4.dir/src.cxx.o -c /home/alex-pop/Desktop/Doctorat/Side_projects/Volume_Box_2/catkin_ws/src/orthogonal-planes/3rdParty/eigen/build/CMakeFiles/CMakeTmp/src.cxx
c++: error: unrecognized command line option '-strict-ansi'; did you mean '-fstrict-enums'?
CMakeFiles/cmTC_f0aa4.dir/build.make:65: recipe for target 'CMakeFiles/cmTC_f0aa4.dir/src.cxx.o' failed
make[1]: *** [CMakeFiles/cmTC_f0aa4.dir/src.cxx.o] Error 1
make[1]: Leaving directory '/home/alex-pop/Desktop/Doctorat/Side_projects/Volume_Box_2/catkin_ws/src/orthogonal-planes/3rdParty/eigen/build/CMakeFiles/CMakeTmp'
Makefile:126: recipe for target 'cmTC_f0aa4/fast' failed
make: *** [cmTC_f0aa4/fast] Error 2

Source file was:
int main() { return 0; }
Performing C++ SOURCE FILE Test COMPILER_SUPPORT_Qunusedarguments failed with the following output:
Change Dir: /home/alex-pop/Desktop/Doctorat/Side_projects/Volume_Box_2/catkin_ws/src/orthogonal-planes/3rdParty/eigen/build/CMakeFiles/CMakeTmp

Run Build Command:"/usr/bin/make" "cmTC_c4f4b/fast"
/usr/bin/make -f CMakeFiles/cmTC_c4f4b.dir/build.make CMakeFiles/cmTC_c4f4b.dir/build
make[1]: Entering directory '/home/alex-pop/Desktop/Doctorat/Side_projects/Volume_Box_2/catkin_ws/src/orthogonal-planes/3rdParty/eigen/build/CMakeFiles/CMakeTmp'
Building CXX object CMakeFiles/cmTC_c4f4b.dir/src.cxx.o
/usr/bin/c++    -std=c++03 -pedantic -Wall -Wextra -Wundef -Wcast-align -Wchar-subscripts -Wnon-virtual-dtor -Wunused-local-typedefs -Wpointer-arith -Wwrite-strings -Wformat-security -Wlogical-op -Wdouble-promotion -Wshadow -Wno-psabi -Wno-variadic-macros -Wno-long-long -fno-check-new -fno-common -fstrict-aliasing -DCOMPILER_SUPPORT_Qunusedarguments -Werror   -Qunused-arguments -o CMakeFiles/cmTC_c4f4b.dir/src.cxx.o -c /home/alex-pop/Desktop/Doctorat/Side_projects/Volume_Box_2/catkin_ws/src/orthogonal-planes/3rdParty/eigen/build/CMakeFiles/CMakeTmp/src.cxx
c++: error: unrecognized command line option '-Qunused-arguments'; did you mean '-Wunused-parameter'?
CMakeFiles/cmTC_c4f4b.dir/build.make:65: recipe for target 'CMakeFiles/cmTC_c4f4b.dir/src.cxx.o' failed
make[1]: *** [CMakeFiles/cmTC_c4f4b.dir/src.cxx.o] Error 1
make[1]: Leaving directory '/home/alex-pop/Desktop/Doctorat/Side_projects/Volume_Box_2/catkin_ws/src/orthogonal-planes/3rdParty/eigen/build/CMakeFiles/CMakeTmp'
Makefile:126: recipe for target 'cmTC_c4f4b/fast' failed
make: *** [cmTC_c4f4b/fast] Error 2

Source file was:
int main() { return 0; }
Looking for a Fortran compiler failed with the following output:
-- The Fortran compiler identification is unknown
CMake Error at CMakeLists.txt:2 (project):
  No CMAKE_Fortran_COMPILER could be found.

  Tell CMake where to find the compiler by setting either the environment
  variable "FC" or the CMake cache entry CMAKE_Fortran_COMPILER to the full
  path to the compiler, or to the compiler name if it is in the PATH.


-- Configuring incomplete, errors occurred!
See also "/home/alex-pop/Desktop/Doctorat/Side_projects/Volume_Box_2/catkin_ws/src/orthogonal-planes/3rdParty/eigen/build/test/CMakeFiles/CheckFortran/CMakeFiles/CMakeOutput.log".
See also "/home/alex-pop/Desktop/Doctorat/Side_projects/Volume_Box_2/catkin_ws/src/orthogonal-planes/3rdParty/eigen/build/test/CMakeFiles/CheckFortran/CMakeFiles/CMakeError.log".

Determining if the pthread_create exist failed with the following output:
Change Dir: /home/alex-pop/Desktop/Doctorat/Side_projects/Volume_Box_2/catkin_ws/src/orthogonal-planes/3rdParty/eigen/build/CMakeFiles/CMakeTmp

Run Build Command:"/usr/bin/make" "cmTC_516a1/fast"
/usr/bin/make -f CMakeFiles/cmTC_516a1.dir/build.make CMakeFiles/cmTC_516a1.dir/build
make[1]: Entering directory '/home/alex-pop/Desktop/Doctorat/Side_projects/Volume_Box_2/catkin_ws/src/orthogonal-planes/3rdParty/eigen/build/CMakeFiles/CMakeTmp'
Building C object CMakeFiles/cmTC_516a1.dir/CheckSymbolExists.c.o
/usr/bin/cc    -o CMakeFiles/cmTC_516a1.dir/CheckSymbolExists.c.o   -c /home/alex-pop/Desktop/Doctorat/Side_projects/Volume_Box_2/catkin_ws/src/orthogonal-planes/3rdParty/eigen/build/CMakeFiles/CMakeTmp/CheckSymbolExists.c
Linking C executable cmTC_516a1
/usr/bin/cmake -E cmake_link_script CMakeFiles/cmTC_516a1.dir/link.txt --verbose=1
/usr/bin/cc      CMakeFiles/cmTC_516a1.dir/CheckSymbolExists.c.o  -o cmTC_516a1 
CMakeFiles/cmTC_516a1.dir/CheckSymbolExists.c.o: In function `main':
CheckSymbolExists.c:(.text+0x1b): undefined reference to `pthread_create'
collect2: error: ld returned 1 exit status
CMakeFiles/cmTC_516a1.dir/build.make:97: recipe for target 'cmTC_516a1' failed
make[1]: *** [cmTC_516a1] Error 1
make[1]: Leaving directory '/home/alex-pop/Desktop/Doctorat/Side_projects/Volume_Box_2/catkin_ws/src/orthogonal-planes/3rdParty/eigen/build/CMakeFiles/CMakeTmp'
Makefile:126: recipe for target 'cmTC_516a1/fast' failed
make: *** [cmTC_516a1/fast] Error 2

File /home/alex-pop/Desktop/Doctorat/Side_projects/Volume_Box_2/catkin_ws/src/orthogonal-planes/3rdParty/eigen/build/CMakeFiles/CMakeTmp/CheckSymbolExists.c:
/* */
#include <pthread.h>

int main(int argc, char** argv)
{
  (void)argv;
#ifndef pthread_create
  return ((int*)(&pthread_create))[argc];
#else
  (void)argc;
  return 0;
#endif
}

Determining if the function pthread_create exists in the pthreads failed with the following output:
Change Dir: /home/alex-pop/Desktop/Doctorat/Side_projects/Volume_Box_2/catkin_ws/src/orthogonal-planes/3rdParty/eigen/build/CMakeFiles/CMakeTmp

Run Build Command:"/usr/bin/make" "cmTC_f72e4/fast"
/usr/bin/make -f CMakeFiles/cmTC_f72e4.dir/build.make CMakeFiles/cmTC_f72e4.dir/build
make[1]: Entering directory '/home/alex-pop/Desktop/Doctorat/Side_projects/Volume_Box_2/catkin_ws/src/orthogonal-planes/3rdParty/eigen/build/CMakeFiles/CMakeTmp'
Building C object CMakeFiles/cmTC_f72e4.dir/CheckFunctionExists.c.o
/usr/bin/cc   -DCHECK_FUNCTION_EXISTS=pthread_create   -o CMakeFiles/cmTC_f72e4.dir/CheckFunctionExists.c.o   -c /usr/share/cmake-3.10/Modules/CheckFunctionExists.c
Linking C executable cmTC_f72e4
/usr/bin/cmake -E cmake_link_script CMakeFiles/cmTC_f72e4.dir/link.txt --verbose=1
/usr/bin/cc  -DCHECK_FUNCTION_EXISTS=pthread_create    CMakeFiles/cmTC_f72e4.dir/CheckFunctionExists.c.o  -o cmTC_f72e4 -lpthreads 
/usr/bin/ld: cannot find -lpthreads
collect2: error: ld returned 1 exit status
CMakeFiles/cmTC_f72e4.dir/build.make:97: recipe for target 'cmTC_f72e4' failed
make[1]: *** [cmTC_f72e4] Error 1
make[1]: Leaving directory '/home/alex-pop/Desktop/Doctorat/Side_projects/Volume_Box_2/catkin_ws/src/orthogonal-planes/3rdParty/eigen/build/CMakeFiles/CMakeTmp'
Makefile:126: recipe for target 'cmTC_f72e4/fast' failed
make: *** [cmTC_f72e4/fast] Error 2


