Determining if the pthread_create exist failed with the following output:
Change Dir: /home/alex-pop/Desktop/Doctorat/Side_projects/Volume_Box_2/catkin_ws/src/orthogonal-planes/build/CMakeFiles/CMakeTmp

Run Build Command:"/usr/bin/make" "cmTC_064ba/fast"
/usr/bin/make -f CMakeFiles/cmTC_064ba.dir/build.make CMakeFiles/cmTC_064ba.dir/build
make[1]: Entering directory '/home/alex-pop/Desktop/Doctorat/Side_projects/Volume_Box_2/catkin_ws/src/orthogonal-planes/build/CMakeFiles/CMakeTmp'
Building C object CMakeFiles/cmTC_064ba.dir/CheckSymbolExists.c.o
/usr/bin/x86_64-linux-gnu-gcc-7    -o CMakeFiles/cmTC_064ba.dir/CheckSymbolExists.c.o   -c /home/alex-pop/Desktop/Doctorat/Side_projects/Volume_Box_2/catkin_ws/src/orthogonal-planes/build/CMakeFiles/CMakeTmp/CheckSymbolExists.c
Linking C executable cmTC_064ba
/usr/bin/cmake -E cmake_link_script CMakeFiles/cmTC_064ba.dir/link.txt --verbose=1
/usr/bin/x86_64-linux-gnu-gcc-7      CMakeFiles/cmTC_064ba.dir/CheckSymbolExists.c.o  -o cmTC_064ba 
CMakeFiles/cmTC_064ba.dir/CheckSymbolExists.c.o: In function `main':
CheckSymbolExists.c:(.text+0x1b): undefined reference to `pthread_create'
collect2: error: ld returned 1 exit status
CMakeFiles/cmTC_064ba.dir/build.make:97: recipe for target 'cmTC_064ba' failed
make[1]: *** [cmTC_064ba] Error 1
make[1]: Leaving directory '/home/alex-pop/Desktop/Doctorat/Side_projects/Volume_Box_2/catkin_ws/src/orthogonal-planes/build/CMakeFiles/CMakeTmp'
Makefile:126: recipe for target 'cmTC_064ba/fast' failed
make: *** [cmTC_064ba/fast] Error 2

File /home/alex-pop/Desktop/Doctorat/Side_projects/Volume_Box_2/catkin_ws/src/orthogonal-planes/build/CMakeFiles/CMakeTmp/CheckSymbolExists.c:
/* */
#include <pthread.h>

int main(int argc, char** argv)
{
  (void)argv;
#ifndef pthread_create
  return ((int*)(&pthread_create))[argc];
#else
  (void)argc;
  return 0;
#endif
}

Determining if the function pthread_create exists in the pthreads failed with the following output:
Change Dir: /home/alex-pop/Desktop/Doctorat/Side_projects/Volume_Box_2/catkin_ws/src/orthogonal-planes/build/CMakeFiles/CMakeTmp

Run Build Command:"/usr/bin/make" "cmTC_8f975/fast"
/usr/bin/make -f CMakeFiles/cmTC_8f975.dir/build.make CMakeFiles/cmTC_8f975.dir/build
make[1]: Entering directory '/home/alex-pop/Desktop/Doctorat/Side_projects/Volume_Box_2/catkin_ws/src/orthogonal-planes/build/CMakeFiles/CMakeTmp'
Building C object CMakeFiles/cmTC_8f975.dir/CheckFunctionExists.c.o
/usr/bin/x86_64-linux-gnu-gcc-7   -DCHECK_FUNCTION_EXISTS=pthread_create   -o CMakeFiles/cmTC_8f975.dir/CheckFunctionExists.c.o   -c /usr/share/cmake-3.10/Modules/CheckFunctionExists.c
Linking C executable cmTC_8f975
/usr/bin/cmake -E cmake_link_script CMakeFiles/cmTC_8f975.dir/link.txt --verbose=1
/usr/bin/x86_64-linux-gnu-gcc-7  -DCHECK_FUNCTION_EXISTS=pthread_create    CMakeFiles/cmTC_8f975.dir/CheckFunctionExists.c.o  -o cmTC_8f975 -lpthreads 
/usr/bin/ld: cannot find -lpthreads
collect2: error: ld returned 1 exit status
CMakeFiles/cmTC_8f975.dir/build.make:97: recipe for target 'cmTC_8f975' failed
make[1]: *** [cmTC_8f975] Error 1
make[1]: Leaving directory '/home/alex-pop/Desktop/Doctorat/Side_projects/Volume_Box_2/catkin_ws/src/orthogonal-planes/build/CMakeFiles/CMakeTmp'
Makefile:126: recipe for target 'cmTC_8f975/fast' failed
make: *** [cmTC_8f975/fast] Error 2


